2026-04-17 16:21:30,806 [INFO    ] TopCamera – Config loaded – DEPLOY_MODE=JETSON | Camera=v4l2:10 | QR model=best.pt | Product model=best_new.pt
2026-04-17 16:21:31,001 [INFO    ] kivy – deps: Successfully imported "kivy_deps.angle" 0.4.0
2026-04-17 16:21:31,021 [INFO    ] kivy – Logger: Record log in C:\Users\Lenovo\.kivy\logs\kivy_26-04-17_5.txt
2026-04-17 16:21:31,073 [INFO    ] kivy – deps: Successfully imported "kivy_deps.glew" 0.3.1
2026-04-17 16:21:31,075 [INFO    ] kivy – deps: Successfully imported "kivy_deps.sdl2" 0.8.0
2026-04-17 16:21:31,094 [INFO    ] kivy – Kivy: v2.3.1
2026-04-17 16:21:31,104 [INFO    ] kivy – Kivy: Installed at "C:\Users\Lenovo\AppData\Local\Programs\Python\Python310\lib\site-packages\kivy\__init__.py"
2026-04-17 16:21:31,108 [INFO    ] kivy – Python: v3.10.9 (tags/v3.10.9:1dd9be6, Dec  6 2022, 20:01:21) [MSC v.1934 64 bit (AMD64)]
2026-04-17 16:21:31,122 [INFO    ] kivy – Python: Interpreter at "C:\Users\Lenovo\AppData\Local\Programs\Python\Python310\python.exe"
2026-04-17 16:21:31,125 [INFO    ] kivy – Logger: Purge log fired. Processing...
2026-04-17 16:21:31,175 [INFO    ] kivy – Logger: Purge finished!
2026-04-17 16:21:31,573 [INFO    ] kivy – KivyMD: 1.2.0, git-Unknown, 2025-12-20 (installed at "C:\Users\Lenovo\AppData\Local\Programs\Python\Python310\lib\site-packages\kivymd\__init__.py")
2026-04-17 16:21:31,583 [WARNING ] kivy – KivyMD: Version 1.2.0 is deprecated and is no longer supported. Use KivyMD version 2.0.0 from the master branch (pip install https://github.com/kivymd/KivyMD/archive/master.zip)
2026-04-17 16:21:31,636 [INFO    ] kivy – Factory: 195 symbols loaded
2026-04-17 16:21:31,910 [INFO    ] kivy – Image: Providers: img_tex, img_dds, img_sdl2, img_pil (img_ffpyplayer ignored)
2026-04-17 16:21:31,946 [INFO    ] kivy – Text: Provider: sdl2
2026-04-17 16:21:32,427 [INFO    ] kivy – Window: Provider: sdl2
2026-04-17 16:21:32,740 [INFO    ] kivy – GL: Using the "OpenGL" graphics system
2026-04-17 16:21:32,797 [INFO    ] kivy – GL: GLEW initialization succeeded
2026-04-17 16:21:32,803 [INFO    ] kivy – GL: Backend used <glew>
2026-04-17 16:21:32,806 [INFO    ] kivy – GL: OpenGL version <b'4.6.0 - Build 30.0.100.9865'>
2026-04-17 16:21:32,809 [INFO    ] kivy – GL: OpenGL vendor <b'Intel'>
2026-04-17 16:21:32,811 [INFO    ] kivy – GL: OpenGL renderer <b'Intel(R) HD Graphics 620'>
2026-04-17 16:21:32,814 [INFO    ] kivy – GL: OpenGL parsed version: 4, 6
2026-04-17 16:21:32,815 [INFO    ] kivy – GL: Shading version <b'4.60 - Build 30.0.100.9865'>
2026-04-17 16:21:32,822 [INFO    ] kivy – GL: Texture max size <16384>
2026-04-17 16:21:32,825 [INFO    ] kivy – GL: Texture max units <32>
2026-04-17 16:21:32,892 [INFO    ] kivy – Window: auto add sdl2 input provider
2026-04-17 16:21:32,920 [INFO    ] kivy – Window: virtual keyboard not allowed, single mode, not docked
2026-04-17 16:21:33,025 [INFO    ] kivy – Clipboard: Provider: winctypes
2026-04-17 16:21:39,849 [INFO    ] TopCamera – Starting Top Camera Palletiser  (recover=False, device=TOP-CAM-001)
2026-04-17 16:21:39,904 [WARNING ] kivy – Base: Unknown <probesysfs> provider
2026-04-17 16:21:39,910 [WARNING ] kivy – Base: Unknown <probesysfs> provider
2026-04-17 16:21:39,912 [WARNING ] kivy – Base: Unknown <probesysfs> provider
2026-04-17 16:21:39,918 [INFO    ] kivy – Base: Start application main loop
2026-04-17 16:21:39,936 [INFO    ] kivy – GL: NPOT texture support is available
2026-04-17 16:21:40,588 [INFO    ] TopCamera – Initializing ICAM-540 at /dev/video10: 1920x1080 @ 30fps
2026-04-17 16:21:40,589 [ERROR   ] TopCamera – Failed to open camera at device 10
2026-04-17 16:21:40,589 [INFO    ] TopCamera – Scanning for available video devices...
2026-04-17 16:21:40,594 [INFO    ] TopCamera – Available video devices: []
2026-04-17 16:21:40,596 [WARNING ] TopCamera – Did you mean one of these? []
2026-04-17 16:21:40,597 [WARNING ] TopCamera – Using DUMMY camera mode.
2026-04-17 16:21:40,601 [INFO    ] TopCamera – Starting Camera Capture Thread
2026-04-17 16:21:40,655 [INFO    ] TopCamera – Database schema ready.
2026-04-17 16:21:40,714 [DEBUG   ] TopCamera – DB migration check complete.
2026-04-17 16:21:41,600 [INFO    ] TopCamera – YOLO models loaded successfully on CPU
2026-04-17 16:21:41,883 [INFO    ] TopCamera – QReader model loaded successfully
2026-04-17 16:21:41,941 [INFO    ] TopCamera – DB: created pallet 170426_1621
2026-04-17 16:21:41,955 [INFO    ] TopCamera – New session started – pallet 170426_1621
2026-04-17 16:21:41,970 [WARNING ] printer – No USB printers found in /dev/usb/lp*. Enabling PyUSB fallback.
2026-04-17 16:21:41,984 [INFO    ] TopCamera – WS status: connecting
2026-04-17 16:21:43,177 [INFO    ] TopCamera – Application ready.
2026-04-17 16:21:43,542 [INFO    ] TopCamera – WebSocket: connected to https://api2.checkology-cloud.io
2026-04-17 16:21:43,567 [INFO    ] TopCamera – WS status: connected
2026-04-17 16:21:43,574 [INFO    ] TopCamera – WebSocket: registered as TOP-CAM-001 / 3C:6D:66:01:5A:F0
2026-04-17 16:21:46,280 [INFO    ] TopCamera – Periodic retry to find real camera...
2026-04-17 16:21:46,282 [INFO    ] TopCamera – Attempting to reinitialize top camera...
2026-04-17 16:21:48,283 [INFO    ] TopCamera – Initializing ICAM-540 at /dev/video10: 1920x1080 @ 30fps
2026-04-17 16:21:48,283 [ERROR   ] TopCamera – Failed to open camera at device 10
2026-04-17 16:21:48,285 [INFO    ] TopCamera – Scanning for available video devices...
2026-04-17 16:21:48,287 [INFO    ] TopCamera – Available video devices: []
2026-04-17 16:21:48,289 [WARNING ] TopCamera – Did you mean one of these? []
2026-04-17 16:21:48,292 [WARNING ] TopCamera – Using DUMMY camera mode.
2026-04-17 16:21:53,575 [INFO    ] TopCamera – Periodic retry to find real camera...
2026-04-17 16:21:53,577 [INFO    ] TopCamera – Attempting to reinitialize top camera...
2026-04-17 16:21:55,579 [INFO    ] TopCamera – Initializing ICAM-540 at /dev/video10: 1920x1080 @ 30fps
2026-04-17 16:21:55,581 [ERROR   ] TopCamera – Failed to open camera at device 10
2026-04-17 16:21:55,583 [INFO    ] TopCamera – Scanning for available video devices...
2026-04-17 16:21:55,587 [INFO    ] TopCamera – Available video devices: []
2026-04-17 16:21:55,591 [WARNING ] TopCamera – Did you mean one of these? []
2026-04-17 16:21:55,592 [WARNING ] TopCamera – Using DUMMY camera mode.
2026-04-17 16:22:00,855 [INFO    ] TopCamera – Periodic retry to find real camera...
2026-04-17 16:22:00,855 [INFO    ] TopCamera – Attempting to reinitialize top camera...
2026-04-17 16:22:02,858 [INFO    ] TopCamera – Initializing ICAM-540 at /dev/video10: 1920x1080 @ 30fps
2026-04-17 16:22:02,860 [ERROR   ] TopCamera – Failed to open camera at device 10
2026-04-17 16:22:02,862 [INFO    ] TopCamera – Scanning for available video devices...
2026-04-17 16:22:02,865 [INFO    ] TopCamera – Available video devices: []
2026-04-17 16:22:02,867 [WARNING ] TopCamera – Did you mean one of these? []
2026-04-17 16:22:02,868 [WARNING ] TopCamera – Using DUMMY camera mode.
2026-04-17 16:22:08,103 [INFO    ] TopCamera – Periodic retry to find real camera...
2026-04-17 16:22:08,104 [INFO    ] TopCamera – Attempting to reinitialize top camera...
2026-04-17 16:22:10,105 [INFO    ] TopCamera – Initializing ICAM-540 at /dev/video10: 1920x1080 @ 30fps
2026-04-17 16:22:10,106 [ERROR   ] TopCamera – Failed to open camera at device 10
2026-04-17 16:22:10,107 [INFO    ] TopCamera – Scanning for available video devices...
2026-04-17 16:22:10,109 [INFO    ] TopCamera – Available video devices: []
2026-04-17 16:22:10,109 [WARNING ] TopCamera – Did you mean one of these? []
2026-04-17 16:22:10,109 [WARNING ] TopCamera – Using DUMMY camera mode.
2026-04-17 16:22:15,365 [INFO    ] TopCamera – Periodic retry to find real camera...
2026-04-17 16:22:15,366 [INFO    ] TopCamera – Attempting to reinitialize top camera...
2026-04-17 16:22:17,367 [INFO    ] TopCamera – Initializing ICAM-540 at /dev/video10: 1920x1080 @ 30fps
2026-04-17 16:22:17,368 [ERROR   ] TopCamera – Failed to open camera at device 10
2026-04-17 16:22:17,371 [INFO    ] TopCamera – Scanning for available video devices...
2026-04-17 16:22:17,374 [INFO    ] TopCamera – Available video devices: []
2026-04-17 16:22:17,376 [WARNING ] TopCamera – Did you mean one of these? []
2026-04-17 16:22:17,392 [WARNING ] TopCamera – Using DUMMY camera mode.
2026-04-17 16:22:22,675 [INFO    ] TopCamera – Periodic retry to find real camera...
2026-04-17 16:22:22,676 [INFO    ] TopCamera – Attempting to reinitialize top camera...
2026-04-17 16:22:24,678 [INFO    ] TopCamera – Initializing ICAM-540 at /dev/video10: 1920x1080 @ 30fps
2026-04-17 16:22:24,680 [ERROR   ] TopCamera – Failed to open camera at device 10
2026-04-17 16:22:24,681 [INFO    ] TopCamera – Scanning for available video devices...
2026-04-17 16:22:24,685 [INFO    ] TopCamera – Available video devices: []
2026-04-17 16:22:24,686 [WARNING ] TopCamera – Did you mean one of these? []
2026-04-17 16:22:24,687 [WARNING ] TopCamera – Using DUMMY camera mode.
2026-04-17 16:22:29,934 [INFO    ] TopCamera – Periodic retry to find real camera...
2026-04-17 16:22:29,935 [INFO    ] TopCamera – Attempting to reinitialize top camera...
2026-04-17 16:22:31,937 [INFO    ] TopCamera – Initializing ICAM-540 at /dev/video10: 1920x1080 @ 30fps
2026-04-17 16:22:31,938 [ERROR   ] TopCamera – Failed to open camera at device 10
2026-04-17 16:22:31,939 [INFO    ] TopCamera – Scanning for available video devices...
2026-04-17 16:22:31,941 [INFO    ] TopCamera – Available video devices: []
2026-04-17 16:22:31,941 [WARNING ] TopCamera – Did you mean one of these? []
2026-04-17 16:22:31,942 [WARNING ] TopCamera – Using DUMMY camera mode.
2026-04-17 16:22:37,201 [INFO    ] TopCamera – Periodic retry to find real camera...
2026-04-17 16:22:37,201 [INFO    ] TopCamera – Attempting to reinitialize top camera...
2026-04-17 16:22:39,205 [INFO    ] TopCamera – Initializing ICAM-540 at /dev/video10: 1920x1080 @ 30fps
2026-04-17 16:22:39,207 [ERROR   ] TopCamera – Failed to open camera at device 10
2026-04-17 16:22:39,209 [INFO    ] TopCamera – Scanning for available video devices...
2026-04-17 16:22:39,211 [INFO    ] TopCamera – Available video devices: []
2026-04-17 16:22:39,212 [WARNING ] TopCamera – Did you mean one of these? []
2026-04-17 16:22:39,214 [WARNING ] TopCamera – Using DUMMY camera mode.
2026-04-17 16:22:44,451 [INFO    ] TopCamera – Periodic retry to find real camera...
2026-04-17 16:22:44,453 [INFO    ] TopCamera – Attempting to reinitialize top camera...
2026-04-17 16:22:46,455 [INFO    ] TopCamera – Initializing ICAM-540 at /dev/video10: 1920x1080 @ 30fps
2026-04-17 16:22:46,455 [ERROR   ] TopCamera – Failed to open camera at device 10
2026-04-17 16:22:46,455 [INFO    ] TopCamera – Scanning for available video devices...
2026-04-17 16:22:46,458 [INFO    ] TopCamera – Available video devices: []
2026-04-17 16:22:46,459 [WARNING ] TopCamera – Did you mean one of these? []
2026-04-17 16:22:46,460 [WARNING ] TopCamera – Using DUMMY camera mode.
2026-04-17 16:22:51,689 [INFO    ] TopCamera – Periodic retry to find real camera...
2026-04-17 16:22:51,690 [INFO    ] TopCamera – Attempting to reinitialize top camera...
2026-04-17 16:22:53,692 [INFO    ] TopCamera – Initializing ICAM-540 at /dev/video10: 1920x1080 @ 30fps
2026-04-17 16:22:53,695 [ERROR   ] TopCamera – Failed to open camera at device 10
2026-04-17 16:22:53,696 [INFO    ] TopCamera – Scanning for available video devices...
2026-04-17 16:22:53,700 [INFO    ] TopCamera – Available video devices: []
2026-04-17 16:22:53,703 [WARNING ] TopCamera – Did you mean one of these? []
2026-04-17 16:22:53,704 [WARNING ] TopCamera – Using DUMMY camera mode.
2026-04-17 16:22:58,983 [INFO    ] TopCamera – Periodic retry to find real camera...
2026-04-17 16:22:58,983 [INFO    ] TopCamera – Attempting to reinitialize top camera...
2026-04-17 16:23:00,985 [INFO    ] TopCamera – Initializing ICAM-540 at /dev/video10: 1920x1080 @ 30fps
2026-04-17 16:23:00,985 [ERROR   ] TopCamera – Failed to open camera at device 10
2026-04-17 16:23:00,985 [INFO    ] TopCamera – Scanning for available video devices...
2026-04-17 16:23:00,987 [INFO    ] TopCamera – Available video devices: []
2026-04-17 16:23:00,988 [WARNING ] TopCamera – Did you mean one of these? []
2026-04-17 16:23:00,989 [WARNING ] TopCamera – Using DUMMY camera mode.
2026-04-17 16:23:06,241 [INFO    ] TopCamera – Periodic retry to find real camera...
2026-04-17 16:23:06,244 [INFO    ] TopCamera – Attempting to reinitialize top camera...
2026-04-17 16:23:08,247 [INFO    ] TopCamera – Initializing ICAM-540 at /dev/video10: 1920x1080 @ 30fps
2026-04-17 16:23:08,249 [ERROR   ] TopCamera – Failed to open camera at device 10
2026-04-17 16:23:08,251 [INFO    ] TopCamera – Scanning for available video devices...
2026-04-17 16:23:08,254 [INFO    ] TopCamera – Available video devices: []
2026-04-17 16:23:08,258 [WARNING ] TopCamera – Did you mean one of these? []
2026-04-17 16:23:08,261 [WARNING ] TopCamera – Using DUMMY camera mode.
2026-04-17 16:23:13,506 [INFO    ] TopCamera – Periodic retry to find real camera...
2026-04-17 16:23:13,507 [INFO    ] TopCamera – Attempting to reinitialize top camera...
2026-04-17 16:23:15,509 [INFO    ] TopCamera – Initializing ICAM-540 at /dev/video10: 1920x1080 @ 30fps
2026-04-17 16:23:15,510 [ERROR   ] TopCamera – Failed to open camera at device 10
2026-04-17 16:23:15,510 [INFO    ] TopCamera – Scanning for available video devices...
2026-04-17 16:23:15,511 [INFO    ] TopCamera – Available video devices: []
2026-04-17 16:23:15,512 [WARNING ] TopCamera – Did you mean one of these? []
2026-04-17 16:23:15,512 [WARNING ] TopCamera – Using DUMMY camera mode.
2026-04-17 16:23:20,762 [INFO    ] TopCamera – Periodic retry to find real camera...
2026-04-17 16:23:20,762 [INFO    ] TopCamera – Attempting to reinitialize top camera...
2026-04-17 16:23:22,766 [INFO    ] TopCamera – Initializing ICAM-540 at /dev/video10: 1920x1080 @ 30fps
2026-04-17 16:23:22,767 [ERROR   ] TopCamera – Failed to open camera at device 10
2026-04-17 16:23:22,767 [INFO    ] TopCamera – Scanning for available video devices...
2026-04-17 16:23:22,769 [INFO    ] TopCamera – Available video devices: []
2026-04-17 16:23:22,770 [WARNING ] TopCamera – Did you mean one of these? []
2026-04-17 16:23:22,770 [WARNING ] TopCamera – Using DUMMY camera mode.
2026-04-17 16:23:28,031 [INFO    ] TopCamera – Periodic retry to find real camera...
2026-04-17 16:23:28,032 [INFO    ] TopCamera – Attempting to reinitialize top camera...
2026-04-17 16:23:30,036 [INFO    ] TopCamera – Initializing ICAM-540 at /dev/video10: 1920x1080 @ 30fps
2026-04-17 16:23:30,038 [ERROR   ] TopCamera – Failed to open camera at device 10
2026-04-17 16:23:30,039 [INFO    ] TopCamera – Scanning for available video devices...
2026-04-17 16:23:30,042 [INFO    ] TopCamera – Available video devices: []
2026-04-17 16:23:30,043 [WARNING ] TopCamera – Did you mean one of these? []
2026-04-17 16:23:30,044 [WARNING ] TopCamera – Using DUMMY camera mode.
2026-04-17 16:23:35,280 [INFO    ] TopCamera – Periodic retry to find real camera...
2026-04-17 16:23:35,281 [INFO    ] TopCamera – Attempting to reinitialize top camera...
2026-04-17 16:23:37,285 [INFO    ] TopCamera – Initializing ICAM-540 at /dev/video10: 1920x1080 @ 30fps
2026-04-17 16:23:37,285 [ERROR   ] TopCamera – Failed to open camera at device 10
2026-04-17 16:23:37,287 [INFO    ] TopCamera – Scanning for available video devices...
2026-04-17 16:23:37,290 [INFO    ] TopCamera – Available video devices: []
2026-04-17 16:23:37,291 [WARNING ] TopCamera – Did you mean one of these? []
2026-04-17 16:23:37,293 [WARNING ] TopCamera – Using DUMMY camera mode.
2026-04-17 16:23:42,524 [INFO    ] TopCamera – Periodic retry to find real camera...
2026-04-17 16:23:42,524 [INFO    ] TopCamera – Attempting to reinitialize top camera...
2026-04-17 16:23:44,526 [INFO    ] TopCamera – Initializing ICAM-540 at /dev/video10: 1920x1080 @ 30fps
2026-04-17 16:23:44,527 [ERROR   ] TopCamera – Failed to open camera at device 10
2026-04-17 16:23:44,528 [INFO    ] TopCamera – Scanning for available video devices...
2026-04-17 16:23:44,529 [INFO    ] TopCamera – Available video devices: []
2026-04-17 16:23:44,531 [WARNING ] TopCamera – Did you mean one of these? []
2026-04-17 16:23:44,532 [WARNING ] TopCamera – Using DUMMY camera mode.
2026-04-17 16:23:49,782 [INFO    ] TopCamera – Periodic retry to find real camera...
2026-04-17 16:23:49,783 [INFO    ] TopCamera – Attempting to reinitialize top camera...
2026-04-17 16:23:51,785 [INFO    ] TopCamera – Initializing ICAM-540 at /dev/video10: 1920x1080 @ 30fps
2026-04-17 16:23:51,785 [ERROR   ] TopCamera – Failed to open camera at device 10
2026-04-17 16:23:51,785 [INFO    ] TopCamera – Scanning for available video devices...
2026-04-17 16:23:51,788 [INFO    ] TopCamera – Available video devices: []
2026-04-17 16:23:51,788 [WARNING ] TopCamera – Did you mean one of these? []
2026-04-17 16:23:51,789 [WARNING ] TopCamera – Using DUMMY camera mode.
2026-04-17 16:23:57,080 [INFO    ] TopCamera – Periodic retry to find real camera...
2026-04-17 16:23:57,081 [INFO    ] TopCamera – Attempting to reinitialize top camera...
2026-04-17 16:23:59,084 [INFO    ] TopCamera – Initializing ICAM-540 at /dev/video10: 1920x1080 @ 30fps
2026-04-17 16:23:59,086 [ERROR   ] TopCamera – Failed to open camera at device 10
2026-04-17 16:23:59,089 [INFO    ] TopCamera – Scanning for available video devices...
2026-04-17 16:23:59,091 [INFO    ] TopCamera – Available video devices: []
2026-04-17 16:23:59,095 [WARNING ] TopCamera – Did you mean one of these? []
2026-04-17 16:23:59,098 [WARNING ] TopCamera – Using DUMMY camera mode.
2026-04-17 16:24:04,371 [INFO    ] TopCamera – Periodic retry to find real camera...
2026-04-17 16:24:04,372 [INFO    ] TopCamera – Attempting to reinitialize top camera...
2026-04-17 16:24:06,374 [INFO    ] TopCamera – Initializing ICAM-540 at /dev/video10: 1920x1080 @ 30fps
2026-04-17 16:24:06,374 [ERROR   ] TopCamera – Failed to open camera at device 10
2026-04-17 16:24:06,375 [INFO    ] TopCamera – Scanning for available video devices...
2026-04-17 16:24:06,376 [INFO    ] TopCamera – Available video devices: []
2026-04-17 16:24:06,377 [WARNING ] TopCamera – Did you mean one of these? []
2026-04-17 16:24:06,378 [WARNING ] TopCamera – Using DUMMY camera mode.
2026-04-17 16:24:11,603 [INFO    ] TopCamera – Periodic retry to find real camera...
2026-04-17 16:24:11,605 [INFO    ] TopCamera – Attempting to reinitialize top camera...
2026-04-17 16:24:13,607 [INFO    ] TopCamera – Initializing ICAM-540 at /dev/video10: 1920x1080 @ 30fps
2026-04-17 16:24:13,607 [ERROR   ] TopCamera – Failed to open camera at device 10
2026-04-17 16:24:13,609 [INFO    ] TopCamera – Scanning for available video devices...
2026-04-17 16:24:13,613 [INFO    ] TopCamera – Available video devices: []
2026-04-17 16:24:13,618 [WARNING ] TopCamera – Did you mean one of these? []
2026-04-17 16:24:13,623 [WARNING ] TopCamera – Using DUMMY camera mode.
2026-04-17 16:24:18,884 [INFO    ] TopCamera – Periodic retry to find real camera...
2026-04-17 16:24:18,885 [INFO    ] TopCamera – Attempting to reinitialize top camera...
2026-04-17 16:24:20,887 [INFO    ] TopCamera – Initializing ICAM-540 at /dev/video10: 1920x1080 @ 30fps
2026-04-17 16:24:20,888 [ERROR   ] TopCamera – Failed to open camera at device 10
2026-04-17 16:24:20,889 [INFO    ] TopCamera – Scanning for available video devices...
2026-04-17 16:24:20,893 [INFO    ] TopCamera – Available video devices: []
2026-04-17 16:24:20,894 [WARNING ] TopCamera – Did you mean one of these? []
2026-04-17 16:24:20,896 [WARNING ] TopCamera – Using DUMMY camera mode.
2026-04-17 16:24:26,132 [INFO    ] TopCamera – Periodic retry to find real camera...
2026-04-17 16:24:26,133 [INFO    ] TopCamera – Attempting to reinitialize top camera...
2026-04-17 16:24:28,135 [INFO    ] TopCamera – Initializing ICAM-540 at /dev/video10: 1920x1080 @ 30fps
2026-04-17 16:24:28,137 [ERROR   ] TopCamera – Failed to open camera at device 10
2026-04-17 16:24:28,138 [INFO    ] TopCamera – Scanning for available video devices...
2026-04-17 16:24:28,139 [INFO    ] TopCamera – Available video devices: []
2026-04-17 16:24:28,140 [WARNING ] TopCamera – Did you mean one of these? []
2026-04-17 16:24:28,143 [WARNING ] TopCamera – Using DUMMY camera mode.
2026-04-17 16:24:33,383 [INFO    ] TopCamera – Periodic retry to find real camera...
2026-04-17 16:24:33,385 [INFO    ] TopCamera – Attempting to reinitialize top camera...
2026-04-17 16:24:35,387 [INFO    ] TopCamera – Initializing ICAM-540 at /dev/video10: 1920x1080 @ 30fps
2026-04-17 16:24:35,388 [ERROR   ] TopCamera – Failed to open camera at device 10
2026-04-17 16:24:35,389 [INFO    ] TopCamera – Scanning for available video devices...
2026-04-17 16:24:35,391 [INFO    ] TopCamera – Available video devices: []
2026-04-17 16:24:35,392 [WARNING ] TopCamera – Did you mean one of these? []
2026-04-17 16:24:35,394 [WARNING ] TopCamera – Using DUMMY camera mode.
2026-04-17 16:24:40,647 [INFO    ] TopCamera – Periodic retry to find real camera...
2026-04-17 16:24:40,648 [INFO    ] TopCamera – Attempting to reinitialize top camera...
2026-04-17 16:24:42,650 [INFO    ] TopCamera – Initializing ICAM-540 at /dev/video10: 1920x1080 @ 30fps
2026-04-17 16:24:42,651 [ERROR   ] TopCamera – Failed to open camera at device 10
2026-04-17 16:24:42,651 [INFO    ] TopCamera – Scanning for available video devices...
2026-04-17 16:24:42,652 [INFO    ] TopCamera – Available video devices: []
2026-04-17 16:24:42,652 [WARNING ] TopCamera – Did you mean one of these? []
2026-04-17 16:24:42,653 [WARNING ] TopCamera – Using DUMMY camera mode.
2026-04-17 16:24:47,882 [INFO    ] TopCamera – Periodic retry to find real camera...
2026-04-17 16:24:47,882 [INFO    ] TopCamera – Attempting to reinitialize top camera...
2026-04-17 16:24:49,885 [INFO    ] TopCamera – Initializing ICAM-540 at /dev/video10: 1920x1080 @ 30fps
2026-04-17 16:24:49,887 [ERROR   ] TopCamera – Failed to open camera at device 10
2026-04-17 16:24:49,888 [INFO    ] TopCamera – Scanning for available video devices...
2026-04-17 16:24:49,889 [INFO    ] TopCamera – Available video devices: []
2026-04-17 16:24:49,891 [WARNING ] TopCamera – Did you mean one of these? []
2026-04-17 16:24:49,892 [WARNING ] TopCamera – Using DUMMY camera mode.
2026-04-17 16:24:55,142 [INFO    ] TopCamera – Periodic retry to find real camera...
2026-04-17 16:24:55,144 [INFO    ] TopCamera – Attempting to reinitialize top camera...
2026-04-17 16:24:57,147 [INFO    ] TopCamera – Initializing ICAM-540 at /dev/video10: 1920x1080 @ 30fps
2026-04-17 16:24:57,150 [ERROR   ] TopCamera – Failed to open camera at device 10
2026-04-17 16:24:57,152 [INFO    ] TopCamera – Scanning for available video devices...
2026-04-17 16:24:57,154 [INFO    ] TopCamera – Available video devices: []
2026-04-17 16:24:57,157 [WARNING ] TopCamera – Did you mean one of these? []
2026-04-17 16:24:57,158 [WARNING ] TopCamera – Using DUMMY camera mode.
2026-04-17 16:25:02,416 [INFO    ] TopCamera – Periodic retry to find real camera...
2026-04-17 16:25:02,417 [INFO    ] TopCamera – Attempting to reinitialize top camera...
2026-04-17 16:25:04,419 [INFO    ] TopCamera – Initializing ICAM-540 at /dev/video10: 1920x1080 @ 30fps
2026-04-17 16:25:04,420 [ERROR   ] TopCamera – Failed to open camera at device 10
2026-04-17 16:25:04,421 [INFO    ] TopCamera – Scanning for available video devices...
2026-04-17 16:25:04,421 [INFO    ] TopCamera – Available video devices: []
2026-04-17 16:25:04,422 [WARNING ] TopCamera – Did you mean one of these? []
2026-04-17 16:25:04,422 [WARNING ] TopCamera – Using DUMMY camera mode.
2026-04-17 16:25:09,684 [INFO    ] TopCamera – Periodic retry to find real camera...
2026-04-17 16:25:09,686 [INFO    ] TopCamera – Attempting to reinitialize top camera...
2026-04-17 16:25:11,689 [INFO    ] TopCamera – Initializing ICAM-540 at /dev/video10: 1920x1080 @ 30fps
2026-04-17 16:25:11,689 [ERROR   ] TopCamera – Failed to open camera at device 10
2026-04-17 16:25:11,690 [INFO    ] TopCamera – Scanning for available video devices...
2026-04-17 16:25:11,692 [INFO    ] TopCamera – Available video devices: []
2026-04-17 16:25:11,693 [WARNING ] TopCamera – Did you mean one of these? []
2026-04-17 16:25:11,694 [WARNING ] TopCamera – Using DUMMY camera mode.
2026-04-17 16:25:16,983 [INFO    ] TopCamera – Periodic retry to find real camera...
2026-04-17 16:25:16,984 [INFO    ] TopCamera – Attempting to reinitialize top camera...
2026-04-17 16:25:18,987 [INFO    ] TopCamera – Initializing ICAM-540 at /dev/video10: 1920x1080 @ 30fps
2026-04-17 16:25:18,989 [ERROR   ] TopCamera – Failed to open camera at device 10
2026-04-17 16:25:18,989 [INFO    ] TopCamera – Scanning for available video devices...
2026-04-17 16:25:18,991 [INFO    ] TopCamera – Available video devices: []
2026-04-17 16:25:18,992 [WARNING ] TopCamera – Did you mean one of these? []
2026-04-17 16:25:18,993 [WARNING ] TopCamera – Using DUMMY camera mode.
2026-04-17 16:25:24,246 [INFO    ] TopCamera – Periodic retry to find real camera...
2026-04-17 16:25:24,248 [INFO    ] TopCamera – Attempting to reinitialize top camera...
2026-04-17 16:25:26,250 [INFO    ] TopCamera – Initializing ICAM-540 at /dev/video10: 1920x1080 @ 30fps
2026-04-17 16:25:26,250 [ERROR   ] TopCamera – Failed to open camera at device 10
2026-04-17 16:25:26,251 [INFO    ] TopCamera – Scanning for available video devices...
2026-04-17 16:25:26,251 [INFO    ] TopCamera – Available video devices: []
2026-04-17 16:25:26,252 [WARNING ] TopCamera – Did you mean one of these? []
2026-04-17 16:25:26,252 [WARNING ] TopCamera – Using DUMMY camera mode.
2026-04-17 16:25:31,507 [INFO    ] TopCamera – Periodic retry to find real camera...
2026-04-17 16:25:31,508 [INFO    ] TopCamera – Attempting to reinitialize top camera...
2026-04-17 16:25:33,510 [INFO    ] TopCamera – Initializing ICAM-540 at /dev/video10: 1920x1080 @ 30fps
2026-04-17 16:25:33,511 [ERROR   ] TopCamera – Failed to open camera at device 10
2026-04-17 16:25:33,512 [INFO    ] TopCamera – Scanning for available video devices...
2026-04-17 16:25:33,513 [INFO    ] TopCamera – Available video devices: []
2026-04-17 16:25:33,513 [WARNING ] TopCamera – Did you mean one of these? []
2026-04-17 16:25:33,513 [WARNING ] TopCamera – Using DUMMY camera mode.
2026-04-17 16:25:38,780 [INFO    ] TopCamera – Periodic retry to find real camera...
2026-04-17 16:25:38,782 [INFO    ] TopCamera – Attempting to reinitialize top camera...
2026-04-17 16:25:40,784 [INFO    ] TopCamera – Initializing ICAM-540 at /dev/video10: 1920x1080 @ 30fps
2026-04-17 16:25:40,784 [ERROR   ] TopCamera – Failed to open camera at device 10
2026-04-17 16:25:40,785 [INFO    ] TopCamera – Scanning for available video devices...
2026-04-17 16:25:40,786 [INFO    ] TopCamera – Available video devices: []
2026-04-17 16:25:40,787 [WARNING ] TopCamera – Did you mean one of these? []
2026-04-17 16:25:40,787 [WARNING ] TopCamera – Using DUMMY camera mode.
2026-04-17 16:25:46,027 [INFO    ] TopCamera – Periodic retry to find real camera...
2026-04-17 16:25:46,028 [INFO    ] TopCamera – Attempting to reinitialize top camera...
2026-04-17 16:25:48,030 [INFO    ] TopCamera – Initializing ICAM-540 at /dev/video10: 1920x1080 @ 30fps
2026-04-17 16:25:48,047 [ERROR   ] TopCamera – Failed to open camera at device 10
2026-04-17 16:25:48,051 [INFO    ] TopCamera – Scanning for available video devices...
2026-04-17 16:25:48,054 [INFO    ] TopCamera – Available video devices: []
2026-04-17 16:25:48,055 [WARNING ] TopCamera – Did you mean one of these? []
2026-04-17 16:25:48,057 [WARNING ] TopCamera – Using DUMMY camera mode.
2026-04-17 16:25:53,297 [INFO    ] TopCamera – Periodic retry to find real camera...
2026-04-17 16:25:53,299 [INFO    ] TopCamera – Attempting to reinitialize top camera...
2026-04-17 16:25:55,301 [INFO    ] TopCamera – Initializing ICAM-540 at /dev/video10: 1920x1080 @ 30fps
2026-04-17 16:25:55,308 [ERROR   ] TopCamera – Failed to open camera at device 10
2026-04-17 16:25:55,309 [INFO    ] TopCamera – Scanning for available video devices...
2026-04-17 16:25:55,311 [INFO    ] TopCamera – Available video devices: []
2026-04-17 16:25:55,314 [WARNING ] TopCamera – Did you mean one of these? []
2026-04-17 16:25:55,317 [WARNING ] TopCamera – Using DUMMY camera mode.
2026-04-17 16:25:56,086 [INFO    ] TopCamera – Application shutting down…
2026-04-17 16:25:56,097 [INFO    ] TopCamera – WebSocket: stopping…
2026-04-17 16:25:56,098 [WARNING ] TopCamera – WebSocket: disconnected
2026-04-17 16:25:56,100 [INFO    ] TopCamera – WS status: disconnected
2026-04-17 16:25:56,130 [INFO    ] TopCamera – Top camera stopped
2026-04-17 16:25:56,134 [INFO    ] TopCamera – Shutdown complete.
2026-04-17 16:25:56,134 [INFO    ] kivy – Base: Leaving application in progress...
2026-04-17 16:25:56,486 [ERROR   ] kivy – Base: No event listeners have been created
2026-04-17 16:25:56,514 [ERROR   ] kivy – Base: Application will leave
2026-04-17 16:25:56,640 [INFO    ] TopCamera – Application shutting down…
2026-04-17 16:25:56,641 [INFO    ] TopCamera – WebSocket: stopping…
2026-04-17 16:25:56,643 [INFO    ] TopCamera – Top camera stopped
2026-04-17 16:25:56,644 [INFO    ] TopCamera – Shutdown complete.
2026-04-20 11:53:37,580 [INFO    ] TopCamera – Config loaded – DEPLOY_MODE=JETSON | Camera=v4l2:10 | QR model=best.pt | Product model=best_new.pt
2026-04-20 11:53:37,632 [INFO    ] kivy – deps: Successfully imported "kivy_deps.angle" 0.4.0
2026-04-20 11:53:37,633 [INFO    ] kivy – Logger: Record log in C:\Users\Lenovo\.kivy\logs\kivy_26-04-20_2.txt
2026-04-20 11:53:37,634 [INFO    ] kivy – deps: Successfully imported "kivy_deps.glew" 0.3.1
2026-04-20 11:53:37,634 [INFO    ] kivy – deps: Successfully imported "kivy_deps.sdl2" 0.8.0
2026-04-20 11:53:37,635 [INFO    ] kivy – Kivy: v2.3.1
2026-04-20 11:53:37,635 [INFO    ] kivy – Kivy: Installed at "C:\Users\Lenovo\AppData\Local\Programs\Python\Python310\lib\site-packages\kivy\__init__.py"
2026-04-20 11:53:37,635 [INFO    ] kivy – Python: v3.10.9 (tags/v3.10.9:1dd9be6, Dec  6 2022, 20:01:21) [MSC v.1934 64 bit (AMD64)]
2026-04-20 11:53:37,637 [INFO    ] kivy – Python: Interpreter at "C:\Users\Lenovo\AppData\Local\Programs\Python\Python310\python.exe"
2026-04-20 11:53:37,638 [INFO    ] kivy – Logger: Purge log fired. Processing...
2026-04-20 11:53:37,652 [INFO    ] kivy – Logger: Purge finished!
2026-04-20 11:53:37,749 [INFO    ] kivy – KivyMD: 1.2.0, git-Unknown, 2025-12-20 (installed at "C:\Users\Lenovo\AppData\Local\Programs\Python\Python310\lib\site-packages\kivymd\__init__.py")
2026-04-20 11:53:37,751 [WARNING ] kivy – KivyMD: Version 1.2.0 is deprecated and is no longer supported. Use KivyMD version 2.0.0 from the master branch (pip install https://github.com/kivymd/KivyMD/archive/master.zip)
2026-04-20 11:53:37,755 [INFO    ] kivy – Factory: 195 symbols loaded
2026-04-20 11:53:37,848 [INFO    ] kivy – Image: Providers: img_tex, img_dds, img_sdl2, img_pil (img_ffpyplayer ignored)
2026-04-20 11:53:37,867 [INFO    ] kivy – Text: Provider: sdl2
2026-04-20 11:53:38,017 [INFO    ] kivy – Window: Provider: sdl2
2026-04-20 11:53:38,226 [INFO    ] kivy – GL: Using the "OpenGL" graphics system
2026-04-20 11:53:38,234 [INFO    ] kivy – GL: GLEW initialization succeeded
2026-04-20 11:53:38,237 [INFO    ] kivy – GL: Backend used <glew>
2026-04-20 11:53:38,238 [INFO    ] kivy – GL: OpenGL version <b'4.6.0 - Build 30.0.100.9865'>
2026-04-20 11:53:38,239 [INFO    ] kivy – GL: OpenGL vendor <b'Intel'>
2026-04-20 11:53:38,241 [INFO    ] kivy – GL: OpenGL renderer <b'Intel(R) HD Graphics 620'>
2026-04-20 11:53:38,241 [INFO    ] kivy – GL: OpenGL parsed version: 4, 6
2026-04-20 11:53:38,259 [INFO    ] kivy – GL: Shading version <b'4.60 - Build 30.0.100.9865'>
2026-04-20 11:53:38,271 [INFO    ] kivy – GL: Texture max size <16384>
2026-04-20 11:53:38,272 [INFO    ] kivy – GL: Texture max units <32>
2026-04-20 11:53:38,325 [INFO    ] kivy – Window: auto add sdl2 input provider
2026-04-20 11:53:38,327 [INFO    ] kivy – Window: virtual keyboard not allowed, single mode, not docked
2026-04-20 11:53:38,371 [INFO    ] kivy – Clipboard: Provider: winctypes
2026-04-20 11:53:42,306 [INFO    ] TopCamera – Starting Top Camera Palletiser  (recover=False, device=TOP-CAM-001)
2026-04-20 11:53:42,339 [WARNING ] kivy – Base: Unknown <probesysfs> provider
2026-04-20 11:53:42,342 [WARNING ] kivy – Base: Unknown <probesysfs> provider
2026-04-20 11:53:42,343 [WARNING ] kivy – Base: Unknown <probesysfs> provider
2026-04-20 11:53:42,344 [INFO    ] kivy – Base: Start application main loop
2026-04-20 11:53:42,363 [INFO    ] kivy – GL: NPOT texture support is available
2026-04-20 11:53:42,946 [INFO    ] TopCamera – Initializing ICAM-540 at /dev/video10: 1920x1080 @ 30fps
2026-04-20 11:53:42,947 [ERROR   ] TopCamera – Failed to open camera at device 10
2026-04-20 11:53:42,948 [INFO    ] TopCamera – Scanning for available video devices...
2026-04-20 11:53:42,949 [INFO    ] TopCamera – Available video devices: []
2026-04-20 11:53:42,949 [WARNING ] TopCamera – Did you mean one of these? []
2026-04-20 11:53:42,949 [WARNING ] TopCamera – Using DUMMY camera mode.
2026-04-20 11:53:42,954 [INFO    ] TopCamera – Starting Camera Capture Thread
2026-04-20 11:53:42,961 [INFO    ] TopCamera – Database schema ready.
2026-04-20 11:53:42,968 [DEBUG   ] TopCamera – DB migration check complete.
2026-04-20 11:53:43,248 [INFO    ] TopCamera – YOLO models loaded successfully on CPU
2026-04-20 11:53:43,459 [INFO    ] TopCamera – QReader model loaded successfully
2026-04-20 11:53:43,469 [INFO    ] TopCamera – DB: created pallet 200426_1153
2026-04-20 11:53:43,472 [INFO    ] TopCamera – New session started – pallet 200426_1153
2026-04-20 11:53:43,478 [WARNING ] printer – No USB printers found in /dev/usb/lp*. Enabling PyUSB fallback.
2026-04-20 11:53:43,482 [INFO    ] TopCamera – WS status: connecting
2026-04-20 11:53:43,794 [INFO    ] TopCamera – WebSocket: connected to https://api2.checkology-cloud.io
2026-04-20 11:53:43,796 [INFO    ] TopCamera – WS status: connected
2026-04-20 11:53:43,797 [INFO    ] TopCamera – WebSocket: registered as TOP-CAM-001 / 3C:6D:66:01:5A:F0
2026-04-20 11:53:44,616 [INFO    ] TopCamera – Application ready.
2026-04-20 11:53:48,325 [INFO    ] TopCamera – Periodic retry to find real camera...
2026-04-20 11:53:48,327 [INFO    ] TopCamera – Attempting to reinitialize top camera...
2026-04-20 11:53:50,331 [INFO    ] TopCamera – Initializing ICAM-540 at /dev/video10: 1920x1080 @ 30fps
2026-04-20 11:53:50,344 [ERROR   ] TopCamera – Failed to open camera at device 10
2026-04-20 11:53:50,355 [INFO    ] TopCamera – Scanning for available video devices...
2026-04-20 11:53:50,419 [INFO    ] TopCamera – Available video devices: []
2026-04-20 11:53:50,432 [WARNING ] TopCamera – Did you mean one of these? []
2026-04-20 11:53:50,497 [WARNING ] TopCamera – Using DUMMY camera mode.
2026-04-20 11:53:52,033 [INFO    ] TopCamera – Application shutting down…
2026-04-20 11:53:52,043 [INFO    ] TopCamera – WebSocket: stopping…
2026-04-20 11:53:52,046 [WARNING ] TopCamera – WebSocket: disconnected
2026-04-20 11:53:52,054 [INFO    ] TopCamera – WS status: disconnected
2026-04-20 11:53:52,087 [INFO    ] TopCamera – Top camera stopped
2026-04-20 11:53:52,088 [INFO    ] TopCamera – Shutdown complete.
2026-04-20 11:53:52,088 [INFO    ] kivy – Base: Leaving application in progress...
2026-04-20 11:53:52,312 [ERROR   ] kivy – Base: No event listeners have been created
2026-04-20 11:53:52,313 [ERROR   ] kivy – Base: Application will leave
2026-04-20 11:53:52,405 [INFO    ] TopCamera – Application shutting down…
2026-04-20 11:53:52,406 [INFO    ] TopCamera – WebSocket: stopping…
2026-04-20 11:53:52,407 [INFO    ] TopCamera – Top camera stopped
2026-04-20 11:53:52,407 [INFO    ] TopCamera – Shutdown complete.
2026-04-20 12:19:50,175 [INFO    ] TopCamera – Config loaded – DEPLOY_MODE=JETSON | Camera=v4l2:10 | QR model=best.pt | Product model=best_new.pt
2026-04-20 12:19:50,223 [INFO    ] kivy – deps: Successfully imported "kivy_deps.angle" 0.4.0
2026-04-20 12:19:50,224 [INFO    ] kivy – Logger: Record log in C:\Users\Lenovo\.kivy\logs\kivy_26-04-20_3.txt
2026-04-20 12:19:50,225 [INFO    ] kivy – deps: Successfully imported "kivy_deps.glew" 0.3.1
2026-04-20 12:19:50,225 [INFO    ] kivy – deps: Successfully imported "kivy_deps.sdl2" 0.8.0
2026-04-20 12:19:50,226 [INFO    ] kivy – Kivy: v2.3.1
2026-04-20 12:19:50,226 [INFO    ] kivy – Kivy: Installed at "C:\Users\Lenovo\AppData\Local\Programs\Python\Python310\lib\site-packages\kivy\__init__.py"
2026-04-20 12:19:50,229 [INFO    ] kivy – Python: v3.10.9 (tags/v3.10.9:1dd9be6, Dec  6 2022, 20:01:21) [MSC v.1934 64 bit (AMD64)]
2026-04-20 12:19:50,229 [INFO    ] kivy – Python: Interpreter at "C:\Users\Lenovo\AppData\Local\Programs\Python\Python310\python.exe"
2026-04-20 12:19:50,231 [INFO    ] kivy – Logger: Purge log fired. Processing...
2026-04-20 12:19:50,241 [INFO    ] kivy – Logger: Purge finished!
2026-04-20 12:19:50,374 [INFO    ] kivy – KivyMD: 1.2.0, git-Unknown, 2025-12-20 (installed at "C:\Users\Lenovo\AppData\Local\Programs\Python\Python310\lib\site-packages\kivymd\__init__.py")
2026-04-20 12:19:50,374 [WARNING ] kivy – KivyMD: Version 1.2.0 is deprecated and is no longer supported. Use KivyMD version 2.0.0 from the master branch (pip install https://github.com/kivymd/KivyMD/archive/master.zip)
2026-04-20 12:19:50,382 [INFO    ] kivy – Factory: 195 symbols loaded
2026-04-20 12:19:50,841 [INFO    ] kivy – Image: Providers: img_tex, img_dds, img_sdl2, img_pil (img_ffpyplayer ignored)
2026-04-20 12:19:51,137 [INFO    ] kivy – Text: Provider: sdl2
2026-04-20 12:19:51,346 [INFO    ] kivy – Window: Provider: sdl2
2026-04-20 12:19:51,659 [INFO    ] kivy – GL: Using the "OpenGL" graphics system
2026-04-20 12:19:51,674 [INFO    ] kivy – GL: GLEW initialization succeeded
2026-04-20 12:19:51,677 [INFO    ] kivy – GL: Backend used <glew>
2026-04-20 12:19:51,680 [INFO    ] kivy – GL: OpenGL version <b'4.6.0 - Build 30.0.100.9865'>
2026-04-20 12:19:51,683 [INFO    ] kivy – GL: OpenGL vendor <b'Intel'>
2026-04-20 12:19:51,686 [INFO    ] kivy – GL: OpenGL renderer <b'Intel(R) HD Graphics 620'>
2026-04-20 12:19:51,687 [INFO    ] kivy – GL: OpenGL parsed version: 4, 6
2026-04-20 12:19:51,692 [INFO    ] kivy – GL: Shading version <b'4.60 - Build 30.0.100.9865'>
2026-04-20 12:19:51,702 [INFO    ] kivy – GL: Texture max size <16384>
2026-04-20 12:19:51,704 [INFO    ] kivy – GL: Texture max units <32>
2026-04-20 12:19:51,761 [INFO    ] kivy – Window: auto add sdl2 input provider
2026-04-20 12:19:51,766 [INFO    ] kivy – Window: virtual keyboard not allowed, single mode, not docked
2026-04-20 12:19:51,804 [INFO    ] kivy – Clipboard: Provider: winctypes
2026-04-20 12:20:01,144 [INFO    ] TopCamera – Starting Top Camera Palletiser  (recover=False, device=TOP-CAM-001)
2026-04-20 12:20:01,216 [WARNING ] kivy – Base: Unknown <probesysfs> provider
2026-04-20 12:20:01,219 [WARNING ] kivy – Base: Unknown <probesysfs> provider
2026-04-20 12:20:01,220 [WARNING ] kivy – Base: Unknown <probesysfs> provider
2026-04-20 12:20:01,240 [INFO    ] kivy – Base: Start application main loop
2026-04-20 12:20:01,263 [INFO    ] kivy – GL: NPOT texture support is available
2026-04-20 12:20:01,924 [INFO    ] TopCamera – Initializing ICAM-540 at /dev/video10: 1920x1080 @ 30fps
2026-04-20 12:20:01,925 [ERROR   ] TopCamera – Failed to open camera at device 10
2026-04-20 12:20:01,926 [INFO    ] TopCamera – Scanning for available video devices...
2026-04-20 12:20:01,928 [INFO    ] TopCamera – Available video devices: []
2026-04-20 12:20:01,929 [WARNING ] TopCamera – Did you mean one of these? []
2026-04-20 12:20:01,929 [WARNING ] TopCamera – Using DUMMY camera mode.
2026-04-20 12:20:01,931 [INFO    ] TopCamera – Starting Camera Capture Thread
2026-04-20 12:20:01,934 [INFO    ] TopCamera – Database schema ready.
2026-04-20 12:20:01,942 [DEBUG   ] TopCamera – DB migration check complete.
2026-04-20 12:20:02,255 [INFO    ] TopCamera – YOLO models loaded successfully on CPU
2026-04-20 12:20:02,424 [INFO    ] TopCamera – QReader model loaded successfully
2026-04-20 12:20:02,433 [INFO    ] TopCamera – DB: created pallet 200426_1220
2026-04-20 12:20:02,436 [INFO    ] TopCamera – New session started – pallet 200426_1220
2026-04-20 12:20:02,441 [WARNING ] printer – No USB printers found in /dev/usb/lp*. Enabling PyUSB fallback.
2026-04-20 12:20:02,444 [INFO    ] TopCamera – WS status: connecting
2026-04-20 12:20:03,593 [INFO    ] TopCamera – Application ready.
2026-04-20 12:20:03,969 [INFO    ] TopCamera – WebSocket: connected to https://api2.checkology-cloud.io
2026-04-20 12:20:03,973 [INFO    ] TopCamera – WS status: connected
2026-04-20 12:20:03,975 [INFO    ] TopCamera – WebSocket: registered as TOP-CAM-001 / 3C:6D:66:01:5A:F0
2026-04-20 12:20:07,329 [INFO    ] TopCamera – Periodic retry to find real camera...
2026-04-20 12:20:07,329 [INFO    ] TopCamera – Attempting to reinitialize top camera...
2026-04-20 12:20:09,331 [INFO    ] TopCamera – Initializing ICAM-540 at /dev/video10: 1920x1080 @ 30fps
2026-04-20 12:20:09,332 [ERROR   ] TopCamera – Failed to open camera at device 10
2026-04-20 12:20:09,332 [INFO    ] TopCamera – Scanning for available video devices...
2026-04-20 12:20:09,334 [INFO    ] TopCamera – Available video devices: []
2026-04-20 12:20:09,334 [WARNING ] TopCamera – Did you mean one of these? []
2026-04-20 12:20:09,334 [WARNING ] TopCamera – Using DUMMY camera mode.
2026-04-20 12:20:14,535 [INFO    ] TopCamera – Periodic retry to find real camera...
2026-04-20 12:20:14,536 [INFO    ] TopCamera – Attempting to reinitialize top camera...
2026-04-20 12:20:16,541 [INFO    ] TopCamera – Initializing ICAM-540 at /dev/video10: 1920x1080 @ 30fps
2026-04-20 12:20:16,543 [ERROR   ] TopCamera – Failed to open camera at device 10
2026-04-20 12:20:16,575 [INFO    ] TopCamera – Scanning for available video devices...
2026-04-20 12:20:16,636 [INFO    ] TopCamera – Available video devices: []
2026-04-20 12:20:16,641 [WARNING ] TopCamera – Did you mean one of these? []
2026-04-20 12:20:16,653 [WARNING ] TopCamera – Using DUMMY camera mode.
2026-04-20 12:20:17,342 [INFO    ] TopCamera – Application shutting down…
2026-04-20 12:20:17,349 [INFO    ] TopCamera – WebSocket: stopping…
2026-04-20 12:20:17,356 [WARNING ] TopCamera – WebSocket: disconnected
2026-04-20 12:20:17,363 [INFO    ] TopCamera – WS status: disconnected
2026-04-20 12:20:17,389 [INFO    ] TopCamera – Top camera stopped
2026-04-20 12:20:17,390 [INFO    ] TopCamera – Shutdown complete.
2026-04-20 12:20:17,390 [INFO    ] kivy – Base: Leaving application in progress...
2026-04-20 12:20:17,640 [ERROR   ] kivy – Base: No event listeners have been created
2026-04-20 12:20:17,642 [ERROR   ] kivy – Base: Application will leave
2026-04-20 12:20:17,732 [INFO    ] TopCamera – Application shutting down…
2026-04-20 12:20:17,733 [INFO    ] TopCamera – WebSocket: stopping…
2026-04-20 12:20:17,733 [INFO    ] TopCamera – Top camera stopped
2026-04-20 12:20:17,734 [INFO    ] TopCamera – Shutdown complete.
2026-04-20 18:25:55,707 [INFO    ] TopCamera – Config loaded – DEPLOY_MODE=PC | Camera=opencv:0 | QR model=best.pt | Product model=best_new.pt
2026-04-20 18:25:55,768 [INFO    ] kivy – deps: Successfully imported "kivy_deps.angle" 0.4.0
2026-04-20 18:25:55,769 [INFO    ] kivy – Logger: Record log in C:\Users\Lenovo\.kivy\logs\kivy_26-04-20_4.txt
2026-04-20 18:25:55,769 [INFO    ] kivy – deps: Successfully imported "kivy_deps.glew" 0.3.1
2026-04-20 18:25:55,771 [INFO    ] kivy – deps: Successfully imported "kivy_deps.sdl2" 0.8.0
2026-04-20 18:25:55,771 [INFO    ] kivy – Kivy: v2.3.1
2026-04-20 18:25:55,771 [INFO    ] kivy – Kivy: Installed at "C:\Users\Lenovo\AppData\Local\Programs\Python\Python310\lib\site-packages\kivy\__init__.py"
2026-04-20 18:25:55,771 [INFO    ] kivy – Python: v3.10.9 (tags/v3.10.9:1dd9be6, Dec  6 2022, 20:01:21) [MSC v.1934 64 bit (AMD64)]
2026-04-20 18:25:55,772 [INFO    ] kivy – Python: Interpreter at "C:\Users\Lenovo\AppData\Local\Programs\Python\Python310\python.exe"
2026-04-20 18:25:55,774 [INFO    ] kivy – Logger: Purge log fired. Processing...
2026-04-20 18:25:55,792 [INFO    ] kivy – Logger: Purge finished!
2026-04-20 18:25:55,895 [INFO    ] kivy – KivyMD: 1.2.0, git-Unknown, 2025-12-20 (installed at "C:\Users\Lenovo\AppData\Local\Programs\Python\Python310\lib\site-packages\kivymd\__init__.py")
2026-04-20 18:25:55,896 [WARNING ] kivy – KivyMD: Version 1.2.0 is deprecated and is no longer supported. Use KivyMD version 2.0.0 from the master branch (pip install https://github.com/kivymd/KivyMD/archive/master.zip)
2026-04-20 18:25:55,904 [INFO    ] kivy – Factory: 195 symbols loaded
2026-04-20 18:25:56,018 [INFO    ] kivy – Image: Providers: img_tex, img_dds, img_sdl2, img_pil (img_ffpyplayer ignored)
2026-04-20 18:25:56,042 [INFO    ] kivy – Text: Provider: sdl2
2026-04-20 18:25:56,201 [INFO    ] kivy – Window: Provider: sdl2
2026-04-20 18:25:56,416 [INFO    ] kivy – GL: Using the "OpenGL" graphics system
2026-04-20 18:25:56,430 [INFO    ] kivy – GL: GLEW initialization succeeded
2026-04-20 18:25:56,442 [INFO    ] kivy – GL: Backend used <glew>
2026-04-20 18:25:56,443 [INFO    ] kivy – GL: OpenGL version <b'4.6.0 - Build 30.0.100.9865'>
2026-04-20 18:25:56,445 [INFO    ] kivy – GL: OpenGL vendor <b'Intel'>
2026-04-20 18:25:56,462 [INFO    ] kivy – GL: OpenGL renderer <b'Intel(R) HD Graphics 620'>
2026-04-20 18:25:56,464 [INFO    ] kivy – GL: OpenGL parsed version: 4, 6
2026-04-20 18:25:56,465 [INFO    ] kivy – GL: Shading version <b'4.60 - Build 30.0.100.9865'>
2026-04-20 18:25:56,473 [INFO    ] kivy – GL: Texture max size <16384>
2026-04-20 18:25:56,475 [INFO    ] kivy – GL: Texture max units <32>
2026-04-20 18:25:56,533 [INFO    ] kivy – Window: auto add sdl2 input provider
2026-04-20 18:25:56,540 [INFO    ] kivy – Window: virtual keyboard not allowed, single mode, not docked
2026-04-20 18:25:56,602 [INFO    ] kivy – Clipboard: Provider: winctypes
2026-04-20 18:26:01,107 [INFO    ] TopCamera – Starting Top Camera Palletiser  (recover=False, device=TOP-CAM-001)
2026-04-20 18:26:01,146 [WARNING ] kivy – Base: Unknown <probesysfs> provider
2026-04-20 18:26:01,149 [WARNING ] kivy – Base: Unknown <probesysfs> provider
2026-04-20 18:26:01,151 [WARNING ] kivy – Base: Unknown <probesysfs> provider
2026-04-20 18:26:01,153 [INFO    ] kivy – Base: Start application main loop
2026-04-20 18:26:01,160 [INFO    ] kivy – GL: NPOT texture support is available
2026-04-20 18:26:01,767 [INFO    ] TopCamera – Initializing ICAM-540 at /dev/video0: 1280x720 @ 30fps
2026-04-20 18:26:03,949 [INFO    ] TopCamera – Camera initialized: 1280x720 @ 30.0fps
2026-04-20 18:26:03,961 [INFO    ] TopCamera – Starting Camera Capture Thread
2026-04-20 18:26:03,967 [INFO    ] TopCamera – Database schema ready.
2026-04-20 18:26:03,987 [DEBUG   ] TopCamera – DB migration check complete.
2026-04-20 18:26:04,534 [INFO    ] TopCamera – YOLO models loaded successfully on CPU
2026-04-20 18:26:04,734 [INFO    ] TopCamera – QReader model loaded successfully
2026-04-20 18:26:04,749 [INFO    ] TopCamera – DB: created pallet 200426_1826
2026-04-20 18:26:04,755 [INFO    ] TopCamera – New session started – pallet 200426_1826
2026-04-20 18:26:04,756 [WARNING ] printer – No USB printers found in /dev/usb/lp*. Enabling PyUSB fallback.
2026-04-20 18:26:04,757 [INFO    ] TopCamera – WS status: connecting
2026-04-20 18:26:05,299 [INFO    ] TopCamera – WebSocket: connected to https://api2.checkology-cloud.io
2026-04-20 18:26:05,304 [INFO    ] TopCamera – WS status: connected
2026-04-20 18:26:05,305 [INFO    ] TopCamera – WebSocket: registered as TOP-CAM-001 / 3C:6D:66:01:5A:F0
2026-04-20 18:26:06,121 [INFO    ] TopCamera – Application ready.
2026-04-20 18:26:30,538 [INFO    ] TopCamera – New keg: 2025-H-0000027 – auto-saving…
2026-04-20 18:26:30,547 [DEBUG   ] TopCamera – DB: keg entry added ['2025-H-0000027'] → 200426_1826
2026-04-20 18:26:30,554 [DEBUG   ] TopCamera – DB: product counts updated cola=0, water=0
2026-04-20 18:26:58,670 [INFO    ] TopCamera – Product detected: WATER
2026-04-20 18:26:58,673 [INFO    ] TopCamera – New water counted – total: 1
2026-04-20 18:26:58,681 [DEBUG   ] TopCamera – DB: product counts updated cola=0, water=1
2026-04-20 18:27:10,164 [INFO    ] TopCamera – DB: created pallet 200426_1827
2026-04-20 18:27:10,178 [INFO    ] TopCamera – New session started – pallet 200426_1827
2026-04-20 18:27:13,661 [INFO    ] TopCamera – Application shutting down…
2026-04-20 18:27:13,664 [INFO    ] TopCamera – WebSocket: stopping…
2026-04-20 18:27:13,666 [WARNING ] TopCamera – WebSocket: disconnected
2026-04-20 18:27:13,670 [INFO    ] TopCamera – WS status: disconnected
2026-04-20 18:27:13,989 [INFO    ] TopCamera – Top camera stopped
2026-04-20 18:27:13,990 [INFO    ] TopCamera – Shutdown complete.
2026-04-20 18:27:13,990 [INFO    ] kivy – Base: Leaving application in progress...
2026-04-20 18:27:14,474 [ERROR   ] kivy – Base: No event listeners have been created
2026-04-20 18:27:14,476 [ERROR   ] kivy – Base: Application will leave
2026-04-20 18:27:14,589 [INFO    ] TopCamera – Application shutting down…
2026-04-20 18:27:14,590 [INFO    ] TopCamera – WebSocket: stopping…
2026-04-20 18:27:14,590 [INFO    ] TopCamera – Top camera stopped
2026-04-20 18:27:14,590 [INFO    ] TopCamera – Shutdown complete.
2026-04-22 11:06:35,220 [INFO    ] TopCamera – Config loaded – DEPLOY_MODE=PC | Camera=opencv:0 | QR model=best.pt | Product model=best_new.pt
2026-04-22 11:06:35,328 [INFO    ] kivy – deps: Successfully imported "kivy_deps.angle" 0.4.0
2026-04-22 11:06:35,331 [INFO    ] kivy – Logger: Record log in C:\Users\Lenovo\.kivy\logs\kivy_26-04-22_0.txt
2026-04-22 11:06:35,332 [INFO    ] kivy – deps: Successfully imported "kivy_deps.glew" 0.3.1
2026-04-22 11:06:35,332 [INFO    ] kivy – deps: Successfully imported "kivy_deps.sdl2" 0.8.0
2026-04-22 11:06:35,333 [INFO    ] kivy – Kivy: v2.3.1
2026-04-22 11:06:35,336 [INFO    ] kivy – Kivy: Installed at "C:\Users\Lenovo\AppData\Local\Programs\Python\Python310\lib\site-packages\kivy\__init__.py"
2026-04-22 11:06:35,337 [INFO    ] kivy – Python: v3.10.9 (tags/v3.10.9:1dd9be6, Dec  6 2022, 20:01:21) [MSC v.1934 64 bit (AMD64)]
2026-04-22 11:06:35,338 [INFO    ] kivy – Python: Interpreter at "C:\Users\Lenovo\AppData\Local\Programs\Python\Python310\python.exe"
2026-04-22 11:06:35,339 [INFO    ] kivy – Logger: Purge log fired. Processing...
2026-04-22 11:06:35,397 [INFO    ] kivy – Logger: Purge finished!
2026-04-22 11:06:35,609 [INFO    ] kivy – KivyMD: 1.2.0, git-Unknown, 2025-12-20 (installed at "C:\Users\Lenovo\AppData\Local\Programs\Python\Python310\lib\site-packages\kivymd\__init__.py")
2026-04-22 11:06:35,610 [WARNING ] kivy – KivyMD: Version 1.2.0 is deprecated and is no longer supported. Use KivyMD version 2.0.0 from the master branch (pip install https://github.com/kivymd/KivyMD/archive/master.zip)
2026-04-22 11:06:35,620 [INFO    ] kivy – Factory: 195 symbols loaded
2026-04-22 11:06:36,459 [INFO    ] kivy – Image: Providers: img_tex, img_dds, img_sdl2, img_pil (img_ffpyplayer ignored)
2026-04-22 11:06:37,002 [INFO    ] kivy – Text: Provider: sdl2
2026-04-22 11:06:37,499 [INFO    ] kivy – Window: Provider: sdl2
2026-04-22 11:06:37,986 [INFO    ] kivy – GL: Using the "OpenGL" graphics system
2026-04-22 11:06:38,000 [INFO    ] kivy – GL: GLEW initialization succeeded
2026-04-22 11:06:38,036 [INFO    ] kivy – GL: Backend used <glew>
2026-04-22 11:06:38,037 [INFO    ] kivy – GL: OpenGL version <b'4.6.0 - Build 30.0.100.9865'>
2026-04-22 11:06:38,039 [INFO    ] kivy – GL: OpenGL vendor <b'Intel'>
2026-04-22 11:06:38,041 [INFO    ] kivy – GL: OpenGL renderer <b'Intel(R) HD Graphics 620'>
2026-04-22 11:06:38,042 [INFO    ] kivy – GL: OpenGL parsed version: 4, 6
2026-04-22 11:06:38,042 [INFO    ] kivy – GL: Shading version <b'4.60 - Build 30.0.100.9865'>
2026-04-22 11:06:38,046 [INFO    ] kivy – GL: Texture max size <16384>
2026-04-22 11:06:38,048 [INFO    ] kivy – GL: Texture max units <32>
2026-04-22 11:06:38,113 [INFO    ] kivy – Window: auto add sdl2 input provider
2026-04-22 11:06:38,140 [INFO    ] kivy – Window: virtual keyboard not allowed, single mode, not docked
2026-04-22 11:06:38,223 [INFO    ] kivy – Clipboard: Provider: winctypes
2026-04-22 11:06:56,460 [INFO    ] TopCamera – Starting Top Camera Palletiser  (recover=False, device=TOP-CAM-001)
2026-04-22 11:06:56,545 [WARNING ] kivy – Base: Unknown <probesysfs> provider
2026-04-22 11:06:56,550 [WARNING ] kivy – Base: Unknown <probesysfs> provider
2026-04-22 11:06:56,552 [WARNING ] kivy – Base: Unknown <probesysfs> provider
2026-04-22 11:06:56,553 [INFO    ] kivy – Base: Start application main loop
2026-04-22 11:06:56,588 [INFO    ] kivy – GL: NPOT texture support is available
2026-04-22 11:06:57,162 [INFO    ] TopCamera – Initializing ICAM-540 at /dev/video0: 1280x720 @ 30fps
2026-04-22 11:06:59,217 [INFO    ] TopCamera – Camera initialized: 1280x720 @ 30.0fps
2026-04-22 11:06:59,239 [INFO    ] TopCamera – Starting Camera Capture Thread
2026-04-22 11:06:59,258 [INFO    ] TopCamera – Database schema ready.
2026-04-22 11:06:59,276 [DEBUG   ] TopCamera – DB migration check complete.
2026-04-22 11:06:59,986 [INFO    ] TopCamera – YOLO models loaded successfully on CPU
2026-04-22 11:07:00,307 [INFO    ] TopCamera – QReader model loaded successfully
2026-04-22 11:07:00,438 [INFO    ] TopCamera – DB: created pallet 220426_1107
2026-04-22 11:07:00,453 [INFO    ] TopCamera – New session started – pallet 220426_1107
2026-04-22 11:07:00,465 [WARNING ] printer – No USB printers found in /dev/usb/lp*. Enabling PyUSB fallback.
2026-04-22 11:07:00,489 [INFO    ] TopCamera – WS status: connecting
2026-04-22 11:07:01,937 [INFO    ] TopCamera – Application ready.
2026-04-22 11:07:02,686 [INFO    ] TopCamera – WebSocket: connected to https://api2.checkology-cloud.io
2026-04-22 11:07:03,001 [INFO    ] TopCamera – WS status: connected
2026-04-22 11:07:03,057 [INFO    ] TopCamera – WebSocket: registered as TOP-CAM-001 / 3C:6D:66:01:5A:F0
2026-04-22 11:07:46,340 [INFO    ] TopCamera – Product detected: WATER
2026-04-22 11:07:46,345 [INFO    ] TopCamera – New water counted – total: 1
2026-04-22 11:07:46,359 [DEBUG   ] TopCamera – DB: product counts updated cola=0, water=1
2026-04-22 11:07:47,042 [INFO    ] TopCamera – Product detected: WATER
2026-04-22 11:07:53,451 [INFO    ] TopCamera – Product detected: WATER
2026-04-22 11:07:54,185 [INFO    ] TopCamera – Product detected: WATER
2026-04-22 11:07:54,885 [INFO    ] TopCamera – Product detected: WATER
2026-04-22 11:07:58,578 [INFO    ] TopCamera – Product detected: WATER
2026-04-22 11:07:59,300 [INFO    ] TopCamera – Application shutting down…
2026-04-22 11:07:59,314 [INFO    ] TopCamera – WebSocket: stopping…
2026-04-22 11:07:59,318 [WARNING ] TopCamera – WebSocket: disconnected
2026-04-22 11:07:59,328 [INFO    ] TopCamera – WS status: disconnected
2026-04-22 11:07:59,428 [INFO    ] TopCamera – Product detected: WATER
2026-04-22 11:07:59,676 [INFO    ] TopCamera – Top camera stopped
2026-04-22 11:07:59,680 [INFO    ] TopCamera – Shutdown complete.
2026-04-22 11:07:59,684 [INFO    ] kivy – Base: Leaving application in progress...
2026-04-22 11:08:00,051 [ERROR   ] kivy – Base: No event listeners have been created
2026-04-22 11:08:00,063 [ERROR   ] kivy – Base: Application will leave
2026-04-22 11:08:00,246 [INFO    ] TopCamera – Application shutting down…
2026-04-22 11:08:00,248 [INFO    ] TopCamera – WebSocket: stopping…
2026-04-22 11:08:00,251 [INFO    ] TopCamera – Top camera stopped
2026-04-22 11:08:00,253 [INFO    ] TopCamera – Shutdown complete.
2026-04-22 11:44:16,055 [INFO    ] TopCamera – Config loaded – DEPLOY_MODE=PC | Camera=opencv:0 | QR model=best.pt | Product model=best_new.pt
2026-04-22 11:44:16,109 [INFO    ] kivy – deps: Successfully imported "kivy_deps.angle" 0.4.0
2026-04-22 11:44:16,111 [INFO    ] kivy – Logger: Record log in C:\Users\Lenovo\.kivy\logs\kivy_26-04-22_1.txt
2026-04-22 11:44:16,111 [INFO    ] kivy – deps: Successfully imported "kivy_deps.glew" 0.3.1
2026-04-22 11:44:16,112 [INFO    ] kivy – deps: Successfully imported "kivy_deps.sdl2" 0.8.0
2026-04-22 11:44:16,112 [INFO    ] kivy – Kivy: v2.3.1
2026-04-22 11:44:16,113 [INFO    ] kivy – Kivy: Installed at "C:\Users\Lenovo\AppData\Local\Programs\Python\Python310\lib\site-packages\kivy\__init__.py"
2026-04-22 11:44:16,113 [INFO    ] kivy – Python: v3.10.9 (tags/v3.10.9:1dd9be6, Dec  6 2022, 20:01:21) [MSC v.1934 64 bit (AMD64)]
2026-04-22 11:44:16,114 [INFO    ] kivy – Python: Interpreter at "C:\Users\Lenovo\AppData\Local\Programs\Python\Python310\python.exe"
2026-04-22 11:44:16,115 [INFO    ] kivy – Logger: Purge log fired. Processing...
2026-04-22 11:44:16,175 [INFO    ] kivy – Logger: Purge finished!
2026-04-22 11:44:16,351 [INFO    ] kivy – KivyMD: 1.2.0, git-Unknown, 2025-12-20 (installed at "C:\Users\Lenovo\AppData\Local\Programs\Python\Python310\lib\site-packages\kivymd\__init__.py")
2026-04-22 11:44:16,352 [WARNING ] kivy – KivyMD: Version 1.2.0 is deprecated and is no longer supported. Use KivyMD version 2.0.0 from the master branch (pip install https://github.com/kivymd/KivyMD/archive/master.zip)
2026-04-22 11:44:16,357 [INFO    ] kivy – Factory: 195 symbols loaded
2026-04-22 11:44:16,453 [INFO    ] kivy – Image: Providers: img_tex, img_dds, img_sdl2, img_pil (img_ffpyplayer ignored)
2026-04-22 11:44:16,475 [INFO    ] kivy – Text: Provider: sdl2
2026-04-22 11:44:16,626 [INFO    ] kivy – Window: Provider: sdl2
2026-04-22 11:44:16,855 [INFO    ] kivy – GL: Using the "OpenGL" graphics system
2026-04-22 11:44:16,882 [INFO    ] kivy – GL: GLEW initialization succeeded
2026-04-22 11:44:16,886 [INFO    ] kivy – GL: Backend used <glew>
2026-04-22 11:44:16,889 [INFO    ] kivy – GL: OpenGL version <b'4.6.0 - Build 30.0.100.9865'>
2026-04-22 11:44:16,890 [INFO    ] kivy – GL: OpenGL vendor <b'Intel'>
2026-04-22 11:44:16,892 [INFO    ] kivy – GL: OpenGL renderer <b'Intel(R) HD Graphics 620'>
2026-04-22 11:44:16,893 [INFO    ] kivy – GL: OpenGL parsed version: 4, 6
2026-04-22 11:44:16,901 [INFO    ] kivy – GL: Shading version <b'4.60 - Build 30.0.100.9865'>
2026-04-22 11:44:16,929 [INFO    ] kivy – GL: Texture max size <16384>
2026-04-22 11:44:16,932 [INFO    ] kivy – GL: Texture max units <32>
2026-04-22 11:44:16,995 [INFO    ] kivy – Window: auto add sdl2 input provider
2026-04-22 11:44:16,997 [INFO    ] kivy – Window: virtual keyboard not allowed, single mode, not docked
2026-04-22 11:44:17,040 [INFO    ] kivy – Clipboard: Provider: winctypes
2026-04-22 11:44:21,041 [INFO    ] TopCamera – Starting Top Camera Palletiser  (recover=False, device=TOP-CAM-001)
2026-04-22 11:44:21,077 [WARNING ] kivy – Base: Unknown <probesysfs> provider
2026-04-22 11:44:21,078 [WARNING ] kivy – Base: Unknown <probesysfs> provider
2026-04-22 11:44:21,080 [WARNING ] kivy – Base: Unknown <probesysfs> provider
2026-04-22 11:44:21,081 [INFO    ] kivy – Base: Start application main loop
2026-04-22 11:44:21,088 [INFO    ] kivy – GL: NPOT texture support is available
2026-04-22 11:44:21,684 [INFO    ] TopCamera – Initializing ICAM-540 at /dev/video0: 1280x720 @ 30fps
2026-04-22 11:44:23,609 [INFO    ] TopCamera – Camera initialized: 1280x720 @ 30.0fps
2026-04-22 11:44:23,611 [INFO    ] TopCamera – Starting Camera Capture Thread
2026-04-22 11:44:23,616 [INFO    ] TopCamera – Database schema ready.
2026-04-22 11:44:23,633 [DEBUG   ] TopCamera – DB migration check complete.
2026-04-22 11:44:24,289 [INFO    ] TopCamera – YOLO models loaded successfully on CPU
2026-04-22 11:44:24,495 [INFO    ] TopCamera – QReader model loaded successfully
2026-04-22 11:44:24,531 [INFO    ] TopCamera – DB: created pallet 220426_114424_4bb6
2026-04-22 11:44:24,542 [INFO    ] TopCamera – New session started – pallet 220426_114424_4bb6
2026-04-22 11:44:24,556 [WARNING ] printer – No USB printers found in /dev/usb/lp*. Enabling PyUSB fallback.
2026-04-22 11:44:24,574 [INFO    ] TopCamera – WS status: connecting
2026-04-22 11:44:24,982 [INFO    ] TopCamera – WebSocket: connected to https://api2.checkology-cloud.io
2026-04-22 11:44:24,985 [INFO    ] TopCamera – WS status: connected
2026-04-22 11:44:24,987 [INFO    ] TopCamera – WebSocket: registered as TOP-CAM-001 / 3C:6D:66:01:5A:F0
2026-04-22 11:44:25,727 [INFO    ] TopCamera – Application ready.
2026-04-22 11:44:36,569 [INFO    ] TopCamera – Application shutting down…
2026-04-22 11:44:36,590 [INFO    ] TopCamera – WebSocket: stopping…
2026-04-22 11:44:36,591 [WARNING ] TopCamera – WebSocket: disconnected
2026-04-22 11:44:36,599 [INFO    ] TopCamera – WS status: disconnected
2026-04-22 11:44:36,975 [INFO    ] TopCamera – Top camera stopped
2026-04-22 11:44:36,980 [INFO    ] TopCamera – Shutdown complete.
2026-04-22 11:44:36,982 [INFO    ] kivy – Base: Leaving application in progress...
2026-04-22 11:44:37,251 [ERROR   ] kivy – Base: No event listeners have been created
2026-04-22 11:44:37,261 [ERROR   ] kivy – Base: Application will leave
2026-04-22 11:44:37,438 [INFO    ] TopCamera – Application shutting down…
2026-04-22 11:44:37,439 [INFO    ] TopCamera – WebSocket: stopping…
2026-04-22 11:44:37,440 [INFO    ] TopCamera – Top camera stopped
2026-04-22 11:44:37,441 [INFO    ] TopCamera – Shutdown complete.
2026-04-22 12:16:57,493 [INFO    ] TopCamera – Config loaded – DEPLOY_MODE=PC | Camera=opencv:0 | QR model=best.pt | Product model=best_new.pt
2026-04-22 12:16:57,543 [INFO    ] kivy – deps: Successfully imported "kivy_deps.angle" 0.4.0
2026-04-22 12:16:57,545 [INFO    ] kivy – Logger: Record log in C:\Users\Lenovo\.kivy\logs\kivy_26-04-22_2.txt
2026-04-22 12:16:57,547 [INFO    ] kivy – deps: Successfully imported "kivy_deps.glew" 0.3.1
2026-04-22 12:16:57,548 [INFO    ] kivy – deps: Successfully imported "kivy_deps.sdl2" 0.8.0
2026-04-22 12:16:57,549 [INFO    ] kivy – Kivy: v2.3.1
2026-04-22 12:16:57,549 [INFO    ] kivy – Kivy: Installed at "C:\Users\Lenovo\AppData\Local\Programs\Python\Python310\lib\site-packages\kivy\__init__.py"
2026-04-22 12:16:57,549 [INFO    ] kivy – Python: v3.10.9 (tags/v3.10.9:1dd9be6, Dec  6 2022, 20:01:21) [MSC v.1934 64 bit (AMD64)]
2026-04-22 12:16:57,551 [INFO    ] kivy – Python: Interpreter at "C:\Users\Lenovo\AppData\Local\Programs\Python\Python310\python.exe"
2026-04-22 12:16:57,552 [INFO    ] kivy – Logger: Purge log fired. Processing...
2026-04-22 12:16:57,568 [INFO    ] kivy – Logger: Purge finished!
2026-04-22 12:16:57,663 [INFO    ] kivy – KivyMD: 1.2.0, git-Unknown, 2025-12-20 (installed at "C:\Users\Lenovo\AppData\Local\Programs\Python\Python310\lib\site-packages\kivymd\__init__.py")
2026-04-22 12:16:57,664 [WARNING ] kivy – KivyMD: Version 1.2.0 is deprecated and is no longer supported. Use KivyMD version 2.0.0 from the master branch (pip install https://github.com/kivymd/KivyMD/archive/master.zip)
2026-04-22 12:16:57,669 [INFO    ] kivy – Factory: 195 symbols loaded
2026-04-22 12:16:57,771 [INFO    ] kivy – Image: Providers: img_tex, img_dds, img_sdl2, img_pil (img_ffpyplayer ignored)
2026-04-22 12:16:57,791 [INFO    ] kivy – Text: Provider: sdl2
2026-04-22 12:16:57,939 [INFO    ] kivy – Window: Provider: sdl2
2026-04-22 12:16:58,149 [INFO    ] kivy – GL: Using the "OpenGL" graphics system
2026-04-22 12:16:58,182 [INFO    ] kivy – GL: GLEW initialization succeeded
2026-04-22 12:16:58,202 [INFO    ] kivy – GL: Backend used <glew>
2026-04-22 12:16:58,208 [INFO    ] kivy – GL: OpenGL version <b'4.6.0 - Build 30.0.100.9865'>
2026-04-22 12:16:58,224 [INFO    ] kivy – GL: OpenGL vendor <b'Intel'>
2026-04-22 12:16:58,226 [INFO    ] kivy – GL: OpenGL renderer <b'Intel(R) HD Graphics 620'>
2026-04-22 12:16:58,232 [INFO    ] kivy – GL: OpenGL parsed version: 4, 6
2026-04-22 12:16:58,234 [INFO    ] kivy – GL: Shading version <b'4.60 - Build 30.0.100.9865'>
2026-04-22 12:16:58,263 [INFO    ] kivy – GL: Texture max size <16384>
2026-04-22 12:16:58,264 [INFO    ] kivy – GL: Texture max units <32>
2026-04-22 12:16:58,320 [INFO    ] kivy – Window: auto add sdl2 input provider
2026-04-22 12:16:58,325 [INFO    ] kivy – Window: virtual keyboard not allowed, single mode, not docked
2026-04-22 12:16:58,411 [INFO    ] kivy – Clipboard: Provider: winctypes
2026-04-22 12:17:02,589 [INFO    ] TopCamera – Starting Top Camera Palletiser  (recover=False, device=TOP-CAM-001)
2026-04-22 12:17:02,628 [WARNING ] kivy – Base: Unknown <probesysfs> provider
2026-04-22 12:17:02,630 [WARNING ] kivy – Base: Unknown <probesysfs> provider
2026-04-22 12:17:02,632 [WARNING ] kivy – Base: Unknown <probesysfs> provider
2026-04-22 12:17:02,633 [INFO    ] kivy – Base: Start application main loop
2026-04-22 12:17:02,642 [INFO    ] kivy – GL: NPOT texture support is available
2026-04-22 12:17:03,236 [INFO    ] TopCamera – Initializing ICAM-540 at /dev/video0: 1280x720 @ 30fps
2026-04-22 12:17:05,125 [INFO    ] TopCamera – Camera initialized: 1280x720 @ 30.0fps
2026-04-22 12:17:05,128 [INFO    ] TopCamera – Starting Camera Capture Thread
2026-04-22 12:17:05,132 [INFO    ] TopCamera – Database schema ready.
2026-04-22 12:17:05,157 [DEBUG   ] TopCamera – DB migration check complete.
2026-04-22 12:17:05,652 [INFO    ] TopCamera – YOLO models loaded successfully on CPU
2026-04-22 12:17:05,875 [INFO    ] TopCamera – QReader model loaded successfully
2026-04-22 12:17:05,882 [INFO    ] TopCamera – DB: created pallet 220426_121705_c062
2026-04-22 12:17:05,886 [INFO    ] TopCamera – New session started – pallet 220426_121705_c062
2026-04-22 12:17:05,891 [WARNING ] printer – No USB printers found in /dev/usb/lp*. Enabling PyUSB fallback.
2026-04-22 12:17:05,893 [INFO    ] TopCamera – WS status: connecting
2026-04-22 12:17:06,341 [INFO    ] TopCamera – WebSocket: connected to https://api2.checkology-cloud.io
2026-04-22 12:17:06,342 [INFO    ] TopCamera – WS status: connected
2026-04-22 12:17:06,345 [INFO    ] TopCamera – WebSocket: registered as TOP-CAM-001 / 3C:6D:66:01:5A:F0
2026-04-22 12:17:07,047 [INFO    ] TopCamera – Application ready.
2026-04-22 12:17:20,896 [INFO    ] TopCamera – DB: pallet 220426_121705_c062 → assembling
2026-04-22 12:17:31,765 [INFO    ] TopCamera – Application shutting down…
2026-04-22 12:17:31,794 [INFO    ] TopCamera – WebSocket: stopping…
2026-04-22 12:17:31,797 [WARNING ] TopCamera – WebSocket: disconnected
2026-04-22 12:17:31,802 [INFO    ] TopCamera – WS status: disconnected
2026-04-22 12:17:32,186 [INFO    ] TopCamera – Top camera stopped
2026-04-22 12:17:32,192 [INFO    ] TopCamera – Shutdown complete.
2026-04-22 12:17:32,193 [INFO    ] kivy – Base: Leaving application in progress...
2026-04-22 12:17:32,485 [ERROR   ] kivy – Base: No event listeners have been created
2026-04-22 12:17:32,486 [ERROR   ] kivy – Base: Application will leave
2026-04-22 12:17:32,657 [INFO    ] TopCamera – Application shutting down…
2026-04-22 12:17:32,658 [INFO    ] TopCamera – WebSocket: stopping…
2026-04-22 12:17:32,660 [INFO    ] TopCamera – Top camera stopped
2026-04-22 12:17:32,661 [INFO    ] TopCamera – Shutdown complete.
2026-04-22 15:04:03,203 [INFO    ] TopCamera – Config loaded – DEPLOY_MODE=PC | Camera=opencv:0 | QR model=best.pt | Product model=best_new.pt
2026-04-22 15:04:03,252 [INFO    ] kivy – deps: Successfully imported "kivy_deps.angle" 0.4.0
2026-04-22 15:04:03,253 [INFO    ] kivy – Logger: Record log in C:\Users\Lenovo\.kivy\logs\kivy_26-04-22_3.txt
2026-04-22 15:04:03,254 [INFO    ] kivy – deps: Successfully imported "kivy_deps.glew" 0.3.1
2026-04-22 15:04:03,255 [INFO    ] kivy – deps: Successfully imported "kivy_deps.sdl2" 0.8.0
2026-04-22 15:04:03,255 [INFO    ] kivy – Kivy: v2.3.1
2026-04-22 15:04:03,255 [INFO    ] kivy – Kivy: Installed at "C:\Users\Lenovo\AppData\Local\Programs\Python\Python310\lib\site-packages\kivy\__init__.py"
2026-04-22 15:04:03,256 [INFO    ] kivy – Python: v3.10.9 (tags/v3.10.9:1dd9be6, Dec  6 2022, 20:01:21) [MSC v.1934 64 bit (AMD64)]
2026-04-22 15:04:03,258 [INFO    ] kivy – Python: Interpreter at "C:\Users\Lenovo\AppData\Local\Programs\Python\Python310\python.exe"
2026-04-22 15:04:03,259 [INFO    ] kivy – Logger: Purge log fired. Processing...
2026-04-22 15:04:03,275 [INFO    ] kivy – Logger: Purge finished!
2026-04-22 15:04:03,370 [INFO    ] kivy – KivyMD: 1.2.0, git-Unknown, 2025-12-20 (installed at "C:\Users\Lenovo\AppData\Local\Programs\Python\Python310\lib\site-packages\kivymd\__init__.py")
2026-04-22 15:04:03,372 [WARNING ] kivy – KivyMD: Version 1.2.0 is deprecated and is no longer supported. Use KivyMD version 2.0.0 from the master branch (pip install https://github.com/kivymd/KivyMD/archive/master.zip)
2026-04-22 15:04:03,377 [INFO    ] kivy – Factory: 195 symbols loaded
2026-04-22 15:04:03,472 [INFO    ] kivy – Image: Providers: img_tex, img_dds, img_sdl2, img_pil (img_ffpyplayer ignored)
2026-04-22 15:04:03,492 [INFO    ] kivy – Text: Provider: sdl2
2026-04-22 15:04:03,645 [INFO    ] kivy – Window: Provider: sdl2
2026-04-22 15:04:03,882 [INFO    ] kivy – GL: Using the "OpenGL" graphics system
2026-04-22 15:04:03,888 [INFO    ] kivy – GL: GLEW initialization succeeded
2026-04-22 15:04:03,897 [INFO    ] kivy – GL: Backend used <glew>
2026-04-22 15:04:03,900 [INFO    ] kivy – GL: OpenGL version <b'4.6.0 - Build 30.0.100.9865'>
2026-04-22 15:04:03,905 [INFO    ] kivy – GL: OpenGL vendor <b'Intel'>
2026-04-22 15:04:03,906 [INFO    ] kivy – GL: OpenGL renderer <b'Intel(R) HD Graphics 620'>
2026-04-22 15:04:03,907 [INFO    ] kivy – GL: OpenGL parsed version: 4, 6
2026-04-22 15:04:03,908 [INFO    ] kivy – GL: Shading version <b'4.60 - Build 30.0.100.9865'>
2026-04-22 15:04:03,909 [INFO    ] kivy – GL: Texture max size <16384>
2026-04-22 15:04:03,909 [INFO    ] kivy – GL: Texture max units <32>
2026-04-22 15:04:03,986 [INFO    ] kivy – Window: auto add sdl2 input provider
2026-04-22 15:04:04,002 [INFO    ] kivy – Window: virtual keyboard not allowed, single mode, not docked
2026-04-22 15:04:04,062 [INFO    ] kivy – Clipboard: Provider: winctypes
2026-04-22 15:04:08,181 [INFO    ] TopCamera – Starting Top Camera Palletiser  (recover=False, device=TOP-CAM-001)
2026-04-22 15:04:08,216 [WARNING ] kivy – Base: Unknown <probesysfs> provider
2026-04-22 15:04:08,217 [WARNING ] kivy – Base: Unknown <probesysfs> provider
2026-04-22 15:04:08,218 [WARNING ] kivy – Base: Unknown <probesysfs> provider
2026-04-22 15:04:08,219 [INFO    ] kivy – Base: Start application main loop
2026-04-22 15:04:08,227 [INFO    ] kivy – GL: NPOT texture support is available
2026-04-22 15:04:08,822 [INFO    ] TopCamera – Initializing ICAM-540 at /dev/video0: 1280x720 @ 30fps
2026-04-22 15:04:10,717 [INFO    ] TopCamera – Camera initialized: 1280x720 @ 30.0fps
2026-04-22 15:04:10,723 [INFO    ] TopCamera – Starting Camera Capture Thread
2026-04-22 15:04:10,727 [INFO    ] TopCamera – Database schema ready.
2026-04-22 15:04:10,747 [DEBUG   ] TopCamera – DB migration check complete.
2026-04-22 15:04:11,242 [INFO    ] TopCamera – YOLO models loaded successfully on CPU
2026-04-22 15:04:11,436 [INFO    ] TopCamera – QReader model loaded successfully
2026-04-22 15:04:11,444 [INFO    ] TopCamera – DB: created pallet 220426_150411_57b0
2026-04-22 15:04:11,448 [INFO    ] TopCamera – New session started – pallet 220426_150411_57b0
2026-04-22 15:04:11,451 [WARNING ] printer – No USB printers found in /dev/usb/lp*. Enabling PyUSB fallback.
2026-04-22 15:04:11,456 [INFO    ] TopCamera – WS status: connecting
2026-04-22 15:04:12,184 [INFO    ] TopCamera – WebSocket: connected to https://api2.checkology-cloud.io
2026-04-22 15:04:12,184 [INFO    ] TopCamera – WS status: connected
2026-04-22 15:04:12,187 [INFO    ] TopCamera – WebSocket: registered as TOP-CAM-001 / 3C:6D:66:01:5A:F0
2026-04-22 15:04:12,615 [INFO    ] TopCamera – Application ready.
2026-04-22 15:04:31,685 [INFO    ] TopCamera – Application shutting down…
2026-04-22 15:04:31,687 [INFO    ] TopCamera – WebSocket: stopping…
2026-04-22 15:04:31,698 [WARNING ] TopCamera – WebSocket: disconnected
2026-04-22 15:04:31,751 [INFO    ] TopCamera – WS status: disconnected
2026-04-22 15:04:32,176 [INFO    ] TopCamera – Top camera stopped
2026-04-22 15:04:32,178 [INFO    ] TopCamera – Shutdown complete.
2026-04-22 15:04:32,184 [INFO    ] kivy – Base: Leaving application in progress...
2026-04-22 15:04:32,444 [ERROR   ] kivy – Base: No event listeners have been created
2026-04-22 15:04:32,446 [ERROR   ] kivy – Base: Application will leave
2026-04-22 15:04:32,606 [INFO    ] TopCamera – Application shutting down…
2026-04-22 15:04:32,608 [INFO    ] TopCamera – WebSocket: stopping…
2026-04-22 15:04:32,609 [INFO    ] TopCamera – Top camera stopped
2026-04-22 15:04:32,610 [INFO    ] TopCamera – Shutdown complete.
2026-04-23 10:58:47,732 [INFO    ] TopCamera – Config loaded – DEPLOY_MODE=PC | Camera=opencv:0 | QR model=best.pt | Product model=best_new.pt
2026-04-23 10:58:47,804 [INFO    ] kivy – deps: Successfully imported "kivy_deps.angle" 0.4.0
2026-04-23 10:58:47,805 [INFO    ] kivy – Logger: Record log in C:\Users\Lenovo\.kivy\logs\kivy_26-04-23_0.txt
2026-04-23 10:58:47,806 [INFO    ] kivy – deps: Successfully imported "kivy_deps.glew" 0.3.1
2026-04-23 10:58:47,806 [INFO    ] kivy – deps: Successfully imported "kivy_deps.sdl2" 0.8.0
2026-04-23 10:58:47,807 [INFO    ] kivy – Kivy: v2.3.1
2026-04-23 10:58:47,807 [INFO    ] kivy – Kivy: Installed at "C:\Users\Lenovo\AppData\Local\Programs\Python\Python310\lib\site-packages\kivy\__init__.py"
2026-04-23 10:58:47,808 [INFO    ] kivy – Python: v3.10.9 (tags/v3.10.9:1dd9be6, Dec  6 2022, 20:01:21) [MSC v.1934 64 bit (AMD64)]
2026-04-23 10:58:47,808 [INFO    ] kivy – Python: Interpreter at "C:\Users\Lenovo\AppData\Local\Programs\Python\Python310\python.exe"
2026-04-23 10:58:47,809 [INFO    ] kivy – Logger: Purge log fired. Processing...
2026-04-23 10:58:47,846 [INFO    ] kivy – Logger: Purge finished!
2026-04-23 10:58:47,988 [INFO    ] kivy – KivyMD: 1.2.0, git-Unknown, 2025-12-20 (installed at "C:\Users\Lenovo\AppData\Local\Programs\Python\Python310\lib\site-packages\kivymd\__init__.py")
2026-04-23 10:58:47,989 [WARNING ] kivy – KivyMD: Version 1.2.0 is deprecated and is no longer supported. Use KivyMD version 2.0.0 from the master branch (pip install https://github.com/kivymd/KivyMD/archive/master.zip)
2026-04-23 10:58:47,994 [INFO    ] kivy – Factory: 195 symbols loaded
2026-04-23 10:58:48,564 [INFO    ] kivy – Image: Providers: img_tex, img_dds, img_sdl2, img_pil (img_ffpyplayer ignored)
2026-04-23 10:58:48,899 [INFO    ] kivy – Text: Provider: sdl2
2026-04-23 10:58:49,169 [INFO    ] kivy – Window: Provider: sdl2
2026-04-23 10:58:49,485 [INFO    ] kivy – GL: Using the "OpenGL" graphics system
2026-04-23 10:58:49,514 [INFO    ] kivy – GL: GLEW initialization succeeded
2026-04-23 10:58:49,563 [INFO    ] kivy – GL: Backend used <glew>
2026-04-23 10:58:49,566 [INFO    ] kivy – GL: OpenGL version <b'4.6.0 - Build 30.0.100.9865'>
2026-04-23 10:58:49,595 [INFO    ] kivy – GL: OpenGL vendor <b'Intel'>
2026-04-23 10:58:49,607 [INFO    ] kivy – GL: OpenGL renderer <b'Intel(R) HD Graphics 620'>
2026-04-23 10:58:49,625 [INFO    ] kivy – GL: OpenGL parsed version: 4, 6
2026-04-23 10:58:49,631 [INFO    ] kivy – GL: Shading version <b'4.60 - Build 30.0.100.9865'>
2026-04-23 10:58:49,638 [INFO    ] kivy – GL: Texture max size <16384>
2026-04-23 10:58:49,643 [INFO    ] kivy – GL: Texture max units <32>
2026-04-23 10:58:49,699 [INFO    ] kivy – Window: auto add sdl2 input provider
2026-04-23 10:58:49,703 [INFO    ] kivy – Window: virtual keyboard not allowed, single mode, not docked
2026-04-23 10:58:49,758 [INFO    ] kivy – Clipboard: Provider: winctypes
2026-04-23 10:59:01,282 [INFO    ] TopCamera – Starting Top Camera Palletiser  (recover=False, device=TOP-CAM-001)
2026-04-23 10:59:01,335 [WARNING ] kivy – Base: Unknown <probesysfs> provider
2026-04-23 10:59:01,336 [WARNING ] kivy – Base: Unknown <probesysfs> provider
2026-04-23 10:59:01,338 [WARNING ] kivy – Base: Unknown <probesysfs> provider
2026-04-23 10:59:01,340 [INFO    ] kivy – Base: Start application main loop
2026-04-23 10:59:01,364 [INFO    ] kivy – GL: NPOT texture support is available
2026-04-23 10:59:01,946 [INFO    ] TopCamera – Initializing ICAM-540 at /dev/video0: 1280x720 @ 30fps
2026-04-23 10:59:03,917 [INFO    ] TopCamera – Camera initialized: 1280x720 @ 30.0fps
2026-04-23 10:59:03,921 [INFO    ] TopCamera – Starting Camera Capture Thread
2026-04-23 10:59:03,933 [INFO    ] TopCamera – Database schema ready.
2026-04-23 10:59:03,942 [DEBUG   ] TopCamera – DB migration check complete.
2026-04-23 10:59:04,480 [INFO    ] TopCamera – YOLO models loaded successfully on CPU
2026-04-23 10:59:04,768 [INFO    ] TopCamera – QReader model loaded successfully
2026-04-23 10:59:04,778 [INFO    ] TopCamera – DB: created pallet 230426_105904_e4b3
2026-04-23 10:59:04,782 [INFO    ] TopCamera – New session started – pallet 230426_105904_e4b3
2026-04-23 10:59:04,785 [WARNING ] printer – No USB printers found in /dev/usb/lp*. Enabling PyUSB fallback.
2026-04-23 10:59:04,789 [INFO    ] TopCamera – WS status: connecting
2026-04-23 10:59:05,316 [INFO    ] TopCamera – WebSocket: connected to https://api2.checkology-cloud.io
2026-04-23 10:59:05,318 [INFO    ] TopCamera – WS status: connected
2026-04-23 10:59:05,318 [INFO    ] TopCamera – WebSocket: registered as TOP-CAM-001 / 3C:6D:66:01:5A:F0
2026-04-23 10:59:05,963 [INFO    ] TopCamera – Application ready.
2026-04-23 10:59:43,081 [INFO    ] TopCamera – Application shutting down…
2026-04-23 10:59:43,085 [INFO    ] TopCamera – WebSocket: stopping…
2026-04-23 10:59:43,086 [WARNING ] TopCamera – WebSocket: disconnected
2026-04-23 10:59:43,089 [INFO    ] TopCamera – WS status: disconnected
2026-04-23 10:59:43,478 [INFO    ] TopCamera – Top camera stopped
2026-04-23 10:59:43,482 [INFO    ] TopCamera – Shutdown complete.
2026-04-23 10:59:43,483 [INFO    ] kivy – Base: Leaving application in progress...
2026-04-23 10:59:43,894 [ERROR   ] kivy – Base: No event listeners have been created
2026-04-23 10:59:43,929 [ERROR   ] kivy – Base: Application will leave
2026-04-23 10:59:44,104 [INFO    ] TopCamera – Application shutting down…
2026-04-23 10:59:44,105 [INFO    ] TopCamera – WebSocket: stopping…
2026-04-23 10:59:44,106 [INFO    ] TopCamera – Top camera stopped
2026-04-23 10:59:44,108 [INFO    ] TopCamera – Shutdown complete.
